<?xml version="1.0" encoding="UTF-8"?>
<!-- Generated by org.testng.reporters.JUnitReportReporter -->
<testsuite hostname="SAYOOJ" failures="0" tests="1" name="testngpkg.JD" time="5.923" errors="0" timestamp="2023-11-01T02:02:55 IST" skipped="0">
  <testcase classname="testngpkg.JD" name="test1" time="5.923"/>
  <system-out/>
</testsuite> <!-- testngpkg.JD -->
