<?xml version="1.0" encoding="UTF-8"?>
<!-- Generated by org.testng.reporters.JUnitReportReporter -->
<testsuite hostname="SAYOOJ" failures="0" tests="3" name="testngpkg.Testnggrouping" time="0.015" errors="0" timestamp="2023-10-19T21:19:50 IST" skipped="0">
  <testcase classname="testngpkg.Testnggrouping" name="test2" time="0.004"/>
  <system-out/>
  <testcase classname="testngpkg.Testnggrouping" name="test4" time="0.003"/>
  <system-out/>
  <testcase classname="testngpkg.Testnggrouping" name="test1" time="0.008"/>
  <system-out/>
</testsuite> <!-- testngpkg.Testnggrouping -->
