<?xml version="1.0" encoding="UTF-8"?>
<!-- Generated by org.testng.reporters.JUnitReportReporter -->
<testsuite hostname="SAYOOJ" failures="0" tests="1" name="testngpkg.Ebay" time="2.865" errors="0" timestamp="2023-10-25T03:32:57 IST" skipped="0">
  <testcase classname="testngpkg.Ebay" name="test" time="2.865"/>
  <system-out/>
</testsuite> <!-- testngpkg.Ebay -->
