<?xml version="1.0" encoding="UTF-8"?>
<!-- Generated by org.testng.reporters.JUnitReportReporter -->
<testsuite hostname="SAYOOJ" failures="0" tests="1" name="testngpkg.Copypaste" time="0.565" errors="0" timestamp="2023-10-20T08:22:35 IST" skipped="0">
  <testcase classname="testngpkg.Copypaste" name="test" time="0.565"/>
  <system-out/>
</testsuite> <!-- testngpkg.Copypaste -->
