<?xml version="1.0" encoding="UTF-8"?>
<!-- Generated by org.testng.reporters.JUnitReportReporter -->
<testsuite hostname="SAYOOJ" failures="0" tests="1" name="testngpkg.Datadriven" time="3.745" errors="0" timestamp="2023-10-29T03:43:14 IST" skipped="0">
  <testcase classname="testngpkg.Datadriven" name="test" time="3.745"/>
  <system-out/>
</testsuite> <!-- testngpkg.Datadriven -->
