<?xml version="1.0" encoding="UTF-8"?>
<!-- Generated by org.testng.reporters.JUnitReportReporter -->
<testsuite hostname="SAYOOJ" failures="0" tests="1" name="testngpkg.Doubleandrightclick" time="3.457" errors="0" timestamp="2023-10-25T03:53:40 IST" skipped="0">
  <testcase classname="testngpkg.Doubleandrightclick" name="test" time="3.457"/>
  <system-out/>
</testsuite> <!-- testngpkg.Doubleandrightclick -->
