<?xml version="1.0" encoding="UTF-8"?>
<!-- Generated by org.testng.reporters.JUnitReportReporter -->
<testsuite hostname="SAYOOJ" failures="0" tests="1" name="testngpkg.Fileuploadusingautoit" time="7.121" errors="0" timestamp="2023-10-27T03:21:27 IST" skipped="0">
  <testcase classname="testngpkg.Fileuploadusingautoit" name="fileuploadpgm" time="7.121"/>
  <system-out/>
</testsuite> <!-- testngpkg.Fileuploadusingautoit -->
