<?xml version="1.0" encoding="UTF-8"?>
<!-- Generated by org.testng.reporters.JUnitReportReporter -->
<testsuite hostname="SAYOOJ" failures="0" tests="1" name="testngpkg.Fileupload" time="0.307" errors="0" timestamp="2023-10-27T01:37:28 IST" skipped="0">
  <testcase classname="testngpkg.Fileupload" name="upload" time="0.307"/>
  <system-out/>
</testsuite> <!-- testngpkg.Fileupload -->
