<?xml version="1.0" encoding="UTF-8"?>
<!-- Generated by org.testng.reporters.JUnitReportReporter -->
<testsuite hostname="SAYOOJ" failures="0" tests="1" name="testngpkg.Fileuploadrobot" time="6.582" errors="0" timestamp="2023-10-27T02:40:20 IST" skipped="0">
  <testcase classname="testngpkg.Fileuploadrobot" name="fileuploadpgm" time="6.582"/>
  <system-out/>
</testsuite> <!-- testngpkg.Fileuploadrobot -->
