<?xml version="1.0" encoding="UTF-8"?>
<!-- Generated by org.testng.reporters.JUnitReportReporter -->
<testsuite hostname="SAYOOJ" failures="0" tests="1" name="testngpkg.Draganddrop1" time="0.711" errors="0" timestamp="2023-10-27T08:30:02 IST" skipped="0">
  <testcase classname="testngpkg.Draganddrop1" name="test" time="0.711"/>
  <system-out/>
</testsuite> <!-- testngpkg.Draganddrop1 -->
