<?xml version="1.0" encoding="UTF-8"?>
<!-- Generated by org.testng.reporters.JUnitReportReporter -->
<testsuite hostname="SAYOOJ" failures="0" tests="1" name="testngpkg.Windowhandle" time="7.639" errors="0" timestamp="2023-10-30T21:17:16 IST" skipped="0">
  <testcase classname="testngpkg.Windowhandle" name="test" time="7.639"/>
  <system-out/>
</testsuite> <!-- testngpkg.Windowhandle -->
