<?xml version="1.0" encoding="UTF-8"?>
<!-- Generated by org.testng.reporters.JUnitReportReporter -->
<testsuite hostname="SAYOOJ" failures="0" tests="1" name="testngpkg.Datepicker" time="1.116" errors="0" timestamp="2023-11-01T19:20:57 IST" skipped="0">
  <testcase classname="testngpkg.Datepicker" name="datepicker" time="1.116"/>
  <system-out/>
</testsuite> <!-- testngpkg.Datepicker -->
