<?xml version="1.0" encoding="UTF-8"?>
<!-- Generated by org.testng.reporters.JUnitReportReporter -->
<testsuite hostname="SAYOOJ" failures="0" tests="1" name="testngpkg.Assertion" time="0.027" errors="0" timestamp="2023-11-02T00:09:24 IST" skipped="0">
  <testcase classname="testngpkg.Assertion" name="test" time="0.027"/>
  <system-out/>
</testsuite> <!-- testngpkg.Assertion -->
