<?xml version="1.0" encoding="UTF-8"?>
<!-- Generated by org.testng.reporters.JUnitReportReporter -->
<testsuite hostname="SAYOOJ" failures="0" tests="1" name="testngpkg.Parametertest" time="0.006" errors="0" timestamp="2023-10-19T21:30:47 IST" skipped="0">
  <testcase classname="testngpkg.Parametertest" name="test" time="0.006"/>
  <system-out/>
</testsuite> <!-- testngpkg.Parametertest -->
