<?xml version="1.0" encoding="UTF-8"?>
<!-- Generated by org.testng.reporters.JUnitReportReporter -->
<testsuite hostname="SAYOOJ" failures="0" tests="1" name="testngpkg.Windowhandle" time="7.627" errors="0" timestamp="2024-01-05T00:40:30 IST" skipped="0">
  <testcase classname="testngpkg.Windowhandle" name="test" time="7.627"/>
  <system-out/>
</testsuite> <!-- testngpkg.Windowhandle -->
