<?xml version="1.0" encoding="UTF-8"?>
<!-- Generated by org.testng.reporters.JUnitReportReporter -->
<testsuite hostname="SAYOOJ" failures="0" tests="3" name="testngpkg.TestngDemo" time="0.012" errors="0" timestamp="2023-10-19T02:37:34 IST" skipped="1">
  <testcase classname="testngpkg.TestngDemo" name="test2" time="0.008"/>
  <system-out/>
  <testcase classname="testngpkg.TestngDemo" name="test3" time="0.004"/>
  <system-out/>
  <testcase classname="testngpkg.TestngDemo" name="test1">
    <skipped/>
  </testcase> <!-- test1 -->
  <system-out/>
</testsuite> <!-- testngpkg.TestngDemo -->
