<?xml version="1.0" encoding="UTF-8"?>
<!-- Generated by org.testng.reporters.JUnitReportReporter -->
<testsuite hostname="SAYOOJ" failures="0" tests="1" name="testngpkg.Draganddrop" time="1.350" errors="0" timestamp="2023-10-26T05:10:00 IST" skipped="0">
  <testcase classname="testngpkg.Draganddrop" name="dragDrop" time="1.350"/>
  <system-out/>
</testsuite> <!-- testngpkg.Draganddrop -->
