<?xml version="1.0" encoding="UTF-8"?>
<!-- Generated by org.testng.reporters.JUnitReportReporter -->
<testsuite hostname="SAYOOJ" failures="0" tests="1" name="testngpkg.Facebooklogin" time="0.184" errors="0" timestamp="2023-10-20T02:17:27 IST" skipped="0">
  <testcase classname="testngpkg.Facebooklogin" name="signup" time="0.184"/>
  <system-out/>
</testsuite> <!-- testngpkg.Facebooklogin -->
